<?xml version="1.0" encoding="UTF-8"?>
<testsuite name="language.arith.PlusOperatorTest" tests="6" skipped="0" failures="0" errors="0" timestamp="2019-10-26T18:43:45" hostname="ahmed-shahkhan.local" time="0.01">
  <properties/>
  <testcase name="testIllegalArgumentException" classname="language.arith.PlusOperatorTest" time="0.006"/>
  <testcase name="testIllegalStateException" classname="language.arith.PlusOperatorTest" time="0.001"/>
  <testcase name="testPerformOperation" classname="language.arith.PlusOperatorTest" time="0.0"/>
  <testcase name="testGetNumberOfArguments" classname="language.arith.PlusOperatorTest" time="0.001"/>
  <testcase name="testNullArgumentException" classname="language.arith.PlusOperatorTest" time="0.001"/>
  <testcase name="testIllegalStateExceptionPerform" classname="language.arith.PlusOperatorTest" time="0.0"/>
  <system-out><![CDATA[]]></system-out>
  <system-err><![CDATA[]]></system-err>
</testsuite>
